2021-08-11 00:08:19,871:INFO:PyCaret Supervised Module
2021-08-11 00:08:19,871:INFO:ML Usecase: classification
2021-08-11 00:08:19,871:INFO:version 2.3.3
2021-08-11 00:08:19,872:INFO:Initializing setup()
2021-08-11 00:08:19,872:INFO:setup(target=histology_actual, ml_usecase=classification, available_plots={'parameter': 'Hyperparameters', 'auc': 'AUC', 'confusion_matrix': 'Confusion Matrix', 'threshold': 'Threshold', 'pr': 'Precision Recall', 'error': 'Prediction Error', 'class_report': 'Class Report', 'rfe': 'Feature Selection', 'learning': 'Learning Curve', 'manifold': 'Manifold Learning', 'calibration': 'Calibration Curve', 'vc': 'Validation Curve', 'dimension': 'Dimensions', 'feature': 'Feature Importance', 'feature_all': 'Feature Importance (All)', 'boundary': 'Decision Boundary', 'lift': 'Lift Chart', 'gain': 'Gain Chart', 'tree': 'Decision Tree', 'ks': 'KS Statistic Plot'}, train_size=0.7, test_data=None, preprocess=True, imputation_type=simple, iterative_imputation_iters=5, categorical_features=None, categorical_imputation=constant, categorical_iterative_imputer=lightgbm, ordinal_features=None, high_cardinality_features=None, high_cardinality_method=frequency, numeric_features=None, numeric_imputation=mean, numeric_iterative_imputer=lightgbm, date_features=None, ignore_features=['filename', 'histology_rle'], normalize=False, normalize_method=zscore, transformation=False, transformation_method=yeo-johnson, handle_unknown_categorical=True, unknown_categorical_method=least_frequent, pca=False, pca_method=linear, pca_components=None, ignore_low_variance=False, combine_rare_levels=False, rare_level_threshold=0.1, bin_numeric_features=None, remove_outliers=False, outliers_threshold=0.05, remove_multicollinearity=False, multicollinearity_threshold=0.9, remove_perfect_collinearity=True, create_clusters=False, cluster_iter=20, polynomial_features=False, polynomial_degree=2, trigonometry_features=False, polynomial_threshold=0.1, group_features=None, group_names=None, feature_selection=False, feature_selection_threshold=0.8, feature_selection_method=classic, feature_interaction=False, feature_ratio=False, interaction_threshold=0.01, fix_imbalance=True, fix_imbalance_method=None, transform_target=False, transform_target_method=box-cox, data_split_shuffle=True, data_split_stratify=False, fold_strategy=stratifiedkfold, fold=10, fold_shuffle=False, fold_groups=None, n_jobs=-1, use_gpu=False, custom_pipeline=None, html=True, session_id=123, log_experiment=False, experiment_name=exp1, log_plots=False, log_profile=False, log_data=False, silent=False, verbose=True, profile=False, profile_kwargs=None, display=None)
2021-08-11 00:08:19,872:INFO:Checking environment
2021-08-11 00:08:19,873:INFO:python_version: 3.9.2
2021-08-11 00:08:19,873:INFO:python_build: ('tags/v3.9.2:1a79785', 'Feb 19 2021 13:44:55')
2021-08-11 00:08:19,873:INFO:machine: AMD64
2021-08-11 00:08:19,873:INFO:platform: Windows-10-10.0.19041-SP0
2021-08-11 00:08:19,965:WARNING:cannot find psutil installation. memory not traceable. Install psutil using pip to enable memory logging.
2021-08-11 00:08:19,966:INFO:Checking libraries
2021-08-11 00:08:19,966:INFO:pd==1.3.1
2021-08-11 00:08:19,966:INFO:numpy==1.19.5
2021-08-11 00:08:19,966:INFO:sklearn==0.23.2
2021-08-11 00:08:19,966:INFO:lightgbm==3.2.1
2021-08-11 00:08:19,969:WARNING:catboost not found
2021-08-11 00:08:19,971:WARNING:xgboost not found
2021-08-11 00:08:22,459:INFO:mlflow==1.19.0
2021-08-11 00:08:22,459:INFO:Checking Exceptions
2021-08-11 00:08:22,460:INFO:Declaring global variables
2021-08-11 00:08:22,460:INFO:USI: 725f
2021-08-11 00:08:22,460:INFO:pycaret_globals: {'fold_groups_param', 'display_container', 'y_train', 'y_test', 'create_model_container', 'fix_imbalance_method_param', '_ml_usecase', 'imputation_regressor', 'seed', 'prep_pipe', '_all_models', 'gpu_param', 'X', '_all_metrics', 'exp_name_log', 'fold_generator', 'n_jobs_param', 'transform_target_param', 'pycaret_globals', 'logging_param', 'fold_shuffle_param', 'data_before_preprocess', 'transform_target_method_param', 'target_param', 'fold_groups_param_full', 'fold_param', 'imputation_classifier', 'y', '_gpu_n_jobs_param', 'X_test', 'log_plots_param', 'master_model_container', 'stratify_param', '_internal_pipeline', 'USI', 'X_train', 'fix_imbalance_param', '_available_plots', 'experiment__', 'html_param', 'iterative_imputation_iters_param', '_all_models_internal'}
2021-08-11 00:08:22,463:INFO:Preparing display monitor
2021-08-11 00:08:22,464:INFO:Preparing display monitor
2021-08-11 00:08:22,509:INFO:Importing libraries
2021-08-11 00:08:22,509:INFO:Copying data for preprocessing
2021-08-11 00:08:22,586:INFO:Declaring preprocessing parameters
2021-08-11 00:08:22,590:INFO:Creating preprocessing pipeline
2021-08-11 00:08:22,667:INFO:Preprocessing pipeline created successfully
2021-08-11 00:08:22,668:ERROR:(Process Exit): setup has been interupted with user command 'quit'. setup must rerun.
2021-08-11 00:08:22,668:INFO:Creating global containers
2021-08-11 00:08:22,674:INFO:Internal pipeline: Pipeline(memory=None,
         steps=[('fix_imbalance',
                 SMOTE(k_neighbors=5, n_jobs=None, random_state=123,
                       sampling_strategy='auto'))],
         verbose=False)
2021-08-11 00:09:03,808:WARNING:Couldn't import xgboost.XGBClassifier
2021-08-11 00:09:03,816:WARNING:Couldn't import catboost.CatBoostClassifier
2021-08-11 00:09:04,395:WARNING:Couldn't import xgboost.XGBClassifier
2021-08-11 00:09:04,402:WARNING:Couldn't import catboost.CatBoostClassifier
2021-08-11 00:09:04,403:INFO:Creating grid variables
2021-08-11 00:09:04,457:INFO:create_model_container: 0
2021-08-11 00:09:04,457:INFO:master_model_container: 0
2021-08-11 00:09:04,458:INFO:display_container: 1
2021-08-11 00:09:04,483:INFO:Pipeline(memory=None,
         steps=[('dtypes',
                 DataTypes_Auto_infer(categorical_features=[],
                                      display_types=True,
                                      features_todrop=['filename',
                                                       'histology_rle'],
                                      id_columns=[],
                                      ml_usecase='classification',
                                      numerical_features=[],
                                      target='histology_actual',
                                      time_features=[])),
                ('imputer',
                 Simple_Imputer(categorical_strategy='not_available',
                                fill_value_categorical=None,
                                fil...
                ('scaling', 'passthrough'), ('P_transform', 'passthrough'),
                ('binn', 'passthrough'), ('rem_outliers', 'passthrough'),
                ('cluster_all', 'passthrough'),
                ('dummy', Dummify(target='histology_actual')),
                ('fix_perfect', Remove_100(target='histology_actual')),
                ('clean_names', Clean_Colum_Names()),
                ('feature_select', 'passthrough'), ('fix_multi', 'passthrough'),
                ('dfs', 'passthrough'), ('pca', 'passthrough')],
         verbose=False)
2021-08-11 00:09:04,483:INFO:setup() succesfully completed......................................
2021-08-11 00:09:14,894:INFO:Initializing compare_models()
2021-08-11 00:09:14,894:INFO:compare_models(include=None, fold=None, round=4, cross_validation=True, sort=Accuracy, n_select=1, budget_time=None, turbo=True, errors=ignore, fit_kwargs=None, groups=None, verbose=True, display=None, exclude=None)
2021-08-11 00:09:14,894:INFO:Checking exceptions
2021-08-11 00:09:14,896:INFO:Preparing display monitor
2021-08-11 00:09:14,896:INFO:Preparing display monitor
2021-08-11 00:09:14,960:INFO:Initializing Logistic Regression
2021-08-11 00:09:14,960:INFO:Total runtime is 0.0 minutes
2021-08-11 00:09:15,039:INFO:SubProcess create_model() called ==================================
2021-08-11 00:09:15,040:INFO:Initializing create_model()
2021-08-11 00:09:15,040:INFO:create_model(estimator=lr, fold=StratifiedKFold(n_splits=10, random_state=None, shuffle=False), round=4, cross_validation=True, predict=True, fit_kwargs={}, groups=None, refit=False, verbose=False, system=False, metrics=None, display=<pycaret.internal.Display.Display object at 0x000001AFB53D50A0>, kwargs={})
2021-08-11 00:09:15,040:INFO:Checking exceptions
2021-08-11 00:09:15,040:INFO:Importing libraries
2021-08-11 00:09:15,041:INFO:Copying training dataset
2021-08-11 00:09:15,042:INFO:Defining folds
2021-08-11 00:09:15,043:INFO:Declaring metric variables
2021-08-11 00:09:15,059:INFO:Importing untrained model
2021-08-11 00:09:15,146:INFO:Logistic Regression Imported succesfully
2021-08-11 00:09:15,182:INFO:Starting cross validation
2021-08-11 00:09:15,184:INFO:Cross validating with StratifiedKFold(n_splits=10, random_state=None, shuffle=False), n_jobs=-1
2021-08-11 00:09:30,960:INFO:Calculating mean and std
2021-08-11 00:09:30,962:INFO:Creating metrics dataframe
2021-08-11 00:09:30,976:INFO:Uploading results into container
2021-08-11 00:09:30,977:INFO:Uploading model into container now
2021-08-11 00:09:30,977:INFO:create_model_container: 1
2021-08-11 00:09:30,977:INFO:master_model_container: 1
2021-08-11 00:09:30,977:INFO:display_container: 2
2021-08-11 00:09:30,978:INFO:LogisticRegression(C=1.0, class_weight=None, dual=False, fit_intercept=True,
                   intercept_scaling=1, l1_ratio=None, max_iter=1000,
                   multi_class='auto', n_jobs=None, penalty='l2',
                   random_state=123, solver='lbfgs', tol=0.0001, verbose=0,
                   warm_start=False)
2021-08-11 00:09:30,978:INFO:create_model() succesfully completed......................................
2021-08-11 00:09:31,171:INFO:SubProcess create_model() end ==================================
2021-08-11 00:09:31,171:INFO:Creating metrics dataframe
2021-08-11 00:09:31,213:INFO:Initializing K Neighbors Classifier
2021-08-11 00:09:31,213:INFO:Total runtime is 0.27088330189387005 minutes
2021-08-11 00:09:31,294:INFO:SubProcess create_model() called ==================================
2021-08-11 00:09:31,294:INFO:Initializing create_model()
2021-08-11 00:09:31,294:INFO:create_model(estimator=knn, fold=StratifiedKFold(n_splits=10, random_state=None, shuffle=False), round=4, cross_validation=True, predict=True, fit_kwargs={}, groups=None, refit=False, verbose=False, system=False, metrics=None, display=<pycaret.internal.Display.Display object at 0x000001AFB53D50A0>, kwargs={})
2021-08-11 00:09:31,295:INFO:Checking exceptions
2021-08-11 00:09:31,295:INFO:Importing libraries
2021-08-11 00:09:31,295:INFO:Copying training dataset
2021-08-11 00:09:31,297:INFO:Defining folds
2021-08-11 00:09:31,298:INFO:Declaring metric variables
2021-08-11 00:09:31,326:INFO:Importing untrained model
2021-08-11 00:09:31,352:INFO:K Neighbors Classifier Imported succesfully
2021-08-11 00:09:31,478:INFO:Starting cross validation
2021-08-11 00:09:31,481:INFO:Cross validating with StratifiedKFold(n_splits=10, random_state=None, shuffle=False), n_jobs=-1
2021-08-11 00:09:32,389:INFO:Calculating mean and std
2021-08-11 00:09:32,392:INFO:Creating metrics dataframe
2021-08-11 00:09:32,407:INFO:Uploading results into container
2021-08-11 00:09:32,407:INFO:Uploading model into container now
2021-08-11 00:09:32,407:INFO:create_model_container: 2
2021-08-11 00:09:32,407:INFO:master_model_container: 2
2021-08-11 00:09:32,407:INFO:display_container: 2
2021-08-11 00:09:32,408:INFO:KNeighborsClassifier(algorithm='auto', leaf_size=30, metric='minkowski',
                     metric_params=None, n_jobs=-1, n_neighbors=5, p=2,
                     weights='uniform')
2021-08-11 00:09:32,408:INFO:create_model() succesfully completed......................................
2021-08-11 00:09:32,556:INFO:SubProcess create_model() end ==================================
2021-08-11 00:09:32,557:INFO:Creating metrics dataframe
2021-08-11 00:09:32,607:INFO:Initializing Naive Bayes
2021-08-11 00:09:32,610:INFO:Total runtime is 0.2941666881243388 minutes
2021-08-11 00:09:32,659:INFO:SubProcess create_model() called ==================================
2021-08-11 00:09:32,660:INFO:Initializing create_model()
2021-08-11 00:09:32,660:INFO:create_model(estimator=nb, fold=StratifiedKFold(n_splits=10, random_state=None, shuffle=False), round=4, cross_validation=True, predict=True, fit_kwargs={}, groups=None, refit=False, verbose=False, system=False, metrics=None, display=<pycaret.internal.Display.Display object at 0x000001AFB53D50A0>, kwargs={})
2021-08-11 00:09:32,660:INFO:Checking exceptions
2021-08-11 00:09:32,660:INFO:Importing libraries
2021-08-11 00:09:32,660:INFO:Copying training dataset
2021-08-11 00:09:32,664:INFO:Defining folds
2021-08-11 00:09:32,667:INFO:Declaring metric variables
2021-08-11 00:09:32,687:INFO:Importing untrained model
2021-08-11 00:09:32,707:INFO:Naive Bayes Imported succesfully
2021-08-11 00:09:32,846:INFO:Starting cross validation
2021-08-11 00:09:32,861:INFO:Cross validating with StratifiedKFold(n_splits=10, random_state=None, shuffle=False), n_jobs=-1
2021-08-11 00:09:33,545:INFO:Calculating mean and std
2021-08-11 00:09:33,547:INFO:Creating metrics dataframe
2021-08-11 00:09:33,561:INFO:Uploading results into container
2021-08-11 00:09:33,561:INFO:Uploading model into container now
2021-08-11 00:09:33,561:INFO:create_model_container: 3
2021-08-11 00:09:33,561:INFO:master_model_container: 3
2021-08-11 00:09:33,562:INFO:display_container: 2
2021-08-11 00:09:33,562:INFO:GaussianNB(priors=None, var_smoothing=1e-09)
2021-08-11 00:09:33,562:INFO:create_model() succesfully completed......................................
2021-08-11 00:09:33,709:INFO:SubProcess create_model() end ==================================
2021-08-11 00:09:33,710:INFO:Creating metrics dataframe
2021-08-11 00:09:33,770:INFO:Initializing Decision Tree Classifier
2021-08-11 00:09:33,770:INFO:Total runtime is 0.3134999871253968 minutes
2021-08-11 00:09:33,795:INFO:SubProcess create_model() called ==================================
2021-08-11 00:09:33,795:INFO:Initializing create_model()
2021-08-11 00:09:33,796:INFO:create_model(estimator=dt, fold=StratifiedKFold(n_splits=10, random_state=None, shuffle=False), round=4, cross_validation=True, predict=True, fit_kwargs={}, groups=None, refit=False, verbose=False, system=False, metrics=None, display=<pycaret.internal.Display.Display object at 0x000001AFB53D50A0>, kwargs={})
2021-08-11 00:09:33,796:INFO:Checking exceptions
2021-08-11 00:09:33,796:INFO:Importing libraries
2021-08-11 00:09:33,796:INFO:Copying training dataset
2021-08-11 00:09:33,824:INFO:Defining folds
2021-08-11 00:09:33,824:INFO:Declaring metric variables
2021-08-11 00:09:33,858:INFO:Importing untrained model
2021-08-11 00:09:33,887:INFO:Decision Tree Classifier Imported succesfully
2021-08-11 00:09:34,005:INFO:Starting cross validation
2021-08-11 00:09:34,006:INFO:Cross validating with StratifiedKFold(n_splits=10, random_state=None, shuffle=False), n_jobs=-1
2021-08-11 00:09:35,176:INFO:Calculating mean and std
2021-08-11 00:09:35,178:INFO:Creating metrics dataframe
2021-08-11 00:09:35,191:INFO:Uploading results into container
2021-08-11 00:09:35,191:INFO:Uploading model into container now
2021-08-11 00:09:35,192:INFO:create_model_container: 4
2021-08-11 00:09:35,192:INFO:master_model_container: 4
2021-08-11 00:09:35,192:INFO:display_container: 2
2021-08-11 00:09:35,193:INFO:DecisionTreeClassifier(ccp_alpha=0.0, class_weight=None, criterion='gini',
                       max_depth=None, max_features=None, max_leaf_nodes=None,
                       min_impurity_decrease=0.0, min_impurity_split=None,
                       min_samples_leaf=1, min_samples_split=2,
                       min_weight_fraction_leaf=0.0, presort='deprecated',
                       random_state=123, splitter='best')
2021-08-11 00:09:35,193:INFO:create_model() succesfully completed......................................
2021-08-11 00:09:35,361:INFO:SubProcess create_model() end ==================================
2021-08-11 00:09:35,361:INFO:Creating metrics dataframe
2021-08-11 00:09:35,409:INFO:Initializing SVM - Linear Kernel
2021-08-11 00:09:35,409:INFO:Total runtime is 0.3408166646957398 minutes
2021-08-11 00:09:35,439:INFO:SubProcess create_model() called ==================================
2021-08-11 00:09:35,439:INFO:Initializing create_model()
2021-08-11 00:09:35,460:INFO:create_model(estimator=svm, fold=StratifiedKFold(n_splits=10, random_state=None, shuffle=False), round=4, cross_validation=True, predict=True, fit_kwargs={}, groups=None, refit=False, verbose=False, system=False, metrics=None, display=<pycaret.internal.Display.Display object at 0x000001AFB53D50A0>, kwargs={})
2021-08-11 00:09:35,460:INFO:Checking exceptions
2021-08-11 00:09:35,460:INFO:Importing libraries
2021-08-11 00:09:35,460:INFO:Copying training dataset
2021-08-11 00:09:35,485:INFO:Defining folds
2021-08-11 00:09:35,486:INFO:Declaring metric variables
2021-08-11 00:09:35,547:INFO:Importing untrained model
2021-08-11 00:09:35,573:INFO:SVM - Linear Kernel Imported succesfully
2021-08-11 00:09:35,610:INFO:Starting cross validation
2021-08-11 00:09:35,611:INFO:Cross validating with StratifiedKFold(n_splits=10, random_state=None, shuffle=False), n_jobs=-1
2021-08-11 00:09:36,518:INFO:Calculating mean and std
2021-08-11 00:09:36,521:INFO:Creating metrics dataframe
2021-08-11 00:09:36,537:INFO:Uploading results into container
2021-08-11 00:09:36,537:INFO:Uploading model into container now
2021-08-11 00:09:36,537:INFO:create_model_container: 5
2021-08-11 00:09:36,537:INFO:master_model_container: 5
2021-08-11 00:09:36,537:INFO:display_container: 2
2021-08-11 00:09:36,538:INFO:SGDClassifier(alpha=0.0001, average=False, class_weight=None,
              early_stopping=False, epsilon=0.1, eta0=0.001, fit_intercept=True,
              l1_ratio=0.15, learning_rate='optimal', loss='hinge',
              max_iter=1000, n_iter_no_change=5, n_jobs=-1, penalty='l2',
              power_t=0.5, random_state=123, shuffle=True, tol=0.001,
              validation_fraction=0.1, verbose=0, warm_start=False)
2021-08-11 00:09:36,539:INFO:create_model() succesfully completed......................................
2021-08-11 00:09:36,672:INFO:SubProcess create_model() end ==================================
2021-08-11 00:09:36,672:INFO:Creating metrics dataframe
2021-08-11 00:09:36,730:INFO:Initializing Ridge Classifier
2021-08-11 00:09:36,730:INFO:Total runtime is 0.3628332893053691 minutes
2021-08-11 00:09:36,771:INFO:SubProcess create_model() called ==================================
2021-08-11 00:09:36,788:INFO:Initializing create_model()
2021-08-11 00:09:36,788:INFO:create_model(estimator=ridge, fold=StratifiedKFold(n_splits=10, random_state=None, shuffle=False), round=4, cross_validation=True, predict=True, fit_kwargs={}, groups=None, refit=False, verbose=False, system=False, metrics=None, display=<pycaret.internal.Display.Display object at 0x000001AFB53D50A0>, kwargs={})
2021-08-11 00:09:36,788:INFO:Checking exceptions
2021-08-11 00:09:36,792:INFO:Importing libraries
2021-08-11 00:09:36,792:INFO:Copying training dataset
2021-08-11 00:09:36,795:INFO:Defining folds
2021-08-11 00:09:36,795:INFO:Declaring metric variables
2021-08-11 00:09:36,823:INFO:Importing untrained model
2021-08-11 00:09:36,910:INFO:Ridge Classifier Imported succesfully
2021-08-11 00:09:36,968:INFO:Starting cross validation
2021-08-11 00:09:36,969:INFO:Cross validating with StratifiedKFold(n_splits=10, random_state=None, shuffle=False), n_jobs=-1
2021-08-11 00:09:38,152:INFO:Calculating mean and std
2021-08-11 00:09:38,155:INFO:Creating metrics dataframe
2021-08-11 00:09:38,163:INFO:Uploading results into container
2021-08-11 00:09:38,163:INFO:Uploading model into container now
2021-08-11 00:09:38,164:INFO:create_model_container: 6
2021-08-11 00:09:38,164:INFO:master_model_container: 6
2021-08-11 00:09:38,164:INFO:display_container: 2
2021-08-11 00:09:38,167:INFO:RidgeClassifier(alpha=1.0, class_weight=None, copy_X=True, fit_intercept=True,
                max_iter=None, normalize=False, random_state=123, solver='auto',
                tol=0.001)
2021-08-11 00:09:38,167:INFO:create_model() succesfully completed......................................
2021-08-11 00:09:38,411:INFO:SubProcess create_model() end ==================================
2021-08-11 00:09:38,411:INFO:Creating metrics dataframe
2021-08-11 00:09:38,462:INFO:Initializing Random Forest Classifier
2021-08-11 00:09:38,462:INFO:Total runtime is 0.39169999361038216 minutes
2021-08-11 00:09:38,488:INFO:SubProcess create_model() called ==================================
2021-08-11 00:09:38,488:INFO:Initializing create_model()
2021-08-11 00:09:38,501:INFO:create_model(estimator=rf, fold=StratifiedKFold(n_splits=10, random_state=None, shuffle=False), round=4, cross_validation=True, predict=True, fit_kwargs={}, groups=None, refit=False, verbose=False, system=False, metrics=None, display=<pycaret.internal.Display.Display object at 0x000001AFB53D50A0>, kwargs={})
2021-08-11 00:09:38,502:INFO:Checking exceptions
2021-08-11 00:09:38,502:INFO:Importing libraries
2021-08-11 00:09:38,502:INFO:Copying training dataset
2021-08-11 00:09:38,507:INFO:Defining folds
2021-08-11 00:09:38,507:INFO:Declaring metric variables
2021-08-11 00:09:38,527:INFO:Importing untrained model
2021-08-11 00:09:38,547:INFO:Random Forest Classifier Imported succesfully
2021-08-11 00:09:38,624:INFO:Starting cross validation
2021-08-11 00:09:38,625:INFO:Cross validating with StratifiedKFold(n_splits=10, random_state=None, shuffle=False), n_jobs=-1
2021-08-11 00:09:47,103:INFO:Calculating mean and std
2021-08-11 00:09:47,107:INFO:Creating metrics dataframe
2021-08-11 00:09:47,118:INFO:Uploading results into container
2021-08-11 00:09:47,119:INFO:Uploading model into container now
2021-08-11 00:09:47,119:INFO:create_model_container: 7
2021-08-11 00:09:47,119:INFO:master_model_container: 7
2021-08-11 00:09:47,119:INFO:display_container: 2
2021-08-11 00:09:47,120:INFO:RandomForestClassifier(bootstrap=True, ccp_alpha=0.0, class_weight=None,
                       criterion='gini', max_depth=None, max_features='auto',
                       max_leaf_nodes=None, max_samples=None,
                       min_impurity_decrease=0.0, min_impurity_split=None,
                       min_samples_leaf=1, min_samples_split=2,
                       min_weight_fraction_leaf=0.0, n_estimators=100,
                       n_jobs=-1, oob_score=False, random_state=123, verbose=0,
                       warm_start=False)
2021-08-11 00:09:47,120:INFO:create_model() succesfully completed......................................
2021-08-11 00:09:47,302:INFO:SubProcess create_model() end ==================================
2021-08-11 00:09:47,302:INFO:Creating metrics dataframe
2021-08-11 00:09:47,354:INFO:Initializing Quadratic Discriminant Analysis
2021-08-11 00:09:47,354:INFO:Total runtime is 0.5398999969164531 minutes
2021-08-11 00:09:47,372:INFO:SubProcess create_model() called ==================================
2021-08-11 00:09:47,373:INFO:Initializing create_model()
2021-08-11 00:09:47,373:INFO:create_model(estimator=qda, fold=StratifiedKFold(n_splits=10, random_state=None, shuffle=False), round=4, cross_validation=True, predict=True, fit_kwargs={}, groups=None, refit=False, verbose=False, system=False, metrics=None, display=<pycaret.internal.Display.Display object at 0x000001AFB53D50A0>, kwargs={})
2021-08-11 00:09:47,373:INFO:Checking exceptions
2021-08-11 00:09:47,373:INFO:Importing libraries
2021-08-11 00:09:47,373:INFO:Copying training dataset
2021-08-11 00:09:47,375:INFO:Defining folds
2021-08-11 00:09:47,375:INFO:Declaring metric variables
2021-08-11 00:09:47,392:INFO:Importing untrained model
2021-08-11 00:09:47,510:INFO:Quadratic Discriminant Analysis Imported succesfully
2021-08-11 00:09:47,554:INFO:Starting cross validation
2021-08-11 00:09:47,578:INFO:Cross validating with StratifiedKFold(n_splits=10, random_state=None, shuffle=False), n_jobs=-1
2021-08-11 00:09:48,324:INFO:Calculating mean and std
2021-08-11 00:09:48,326:INFO:Creating metrics dataframe
2021-08-11 00:09:48,338:INFO:Uploading results into container
2021-08-11 00:09:48,338:INFO:Uploading model into container now
2021-08-11 00:09:48,339:INFO:create_model_container: 8
2021-08-11 00:09:48,339:INFO:master_model_container: 8
2021-08-11 00:09:48,339:INFO:display_container: 2
2021-08-11 00:09:48,339:INFO:QuadraticDiscriminantAnalysis(priors=None, reg_param=0.0,
                              store_covariance=False, tol=0.0001)
2021-08-11 00:09:48,340:INFO:create_model() succesfully completed......................................
2021-08-11 00:09:48,607:INFO:SubProcess create_model() end ==================================
2021-08-11 00:09:48,607:INFO:Creating metrics dataframe
2021-08-11 00:09:48,670:INFO:Initializing Ada Boost Classifier
2021-08-11 00:09:48,670:INFO:Total runtime is 0.5618333260218302 minutes
2021-08-11 00:09:48,730:INFO:SubProcess create_model() called ==================================
2021-08-11 00:09:48,731:INFO:Initializing create_model()
2021-08-11 00:09:48,731:INFO:create_model(estimator=ada, fold=StratifiedKFold(n_splits=10, random_state=None, shuffle=False), round=4, cross_validation=True, predict=True, fit_kwargs={}, groups=None, refit=False, verbose=False, system=False, metrics=None, display=<pycaret.internal.Display.Display object at 0x000001AFB53D50A0>, kwargs={})
2021-08-11 00:09:48,732:INFO:Checking exceptions
2021-08-11 00:09:48,732:INFO:Importing libraries
2021-08-11 00:09:48,736:INFO:Copying training dataset
2021-08-11 00:09:48,739:INFO:Defining folds
2021-08-11 00:09:48,739:INFO:Declaring metric variables
2021-08-11 00:09:48,756:INFO:Importing untrained model
2021-08-11 00:09:48,779:INFO:Ada Boost Classifier Imported succesfully
2021-08-11 00:09:48,848:INFO:Starting cross validation
2021-08-11 00:09:48,850:INFO:Cross validating with StratifiedKFold(n_splits=10, random_state=None, shuffle=False), n_jobs=-1
2021-08-11 00:09:51,928:INFO:Calculating mean and std
2021-08-11 00:09:51,930:INFO:Creating metrics dataframe
2021-08-11 00:09:51,938:INFO:Uploading results into container
2021-08-11 00:09:51,938:INFO:Uploading model into container now
2021-08-11 00:09:51,939:INFO:create_model_container: 9
2021-08-11 00:09:51,939:INFO:master_model_container: 9
2021-08-11 00:09:51,939:INFO:display_container: 2
2021-08-11 00:09:51,940:INFO:AdaBoostClassifier(algorithm='SAMME.R', base_estimator=None, learning_rate=1.0,
                   n_estimators=50, random_state=123)
2021-08-11 00:09:51,940:INFO:create_model() succesfully completed......................................
2021-08-11 00:09:52,112:INFO:SubProcess create_model() end ==================================
2021-08-11 00:09:52,112:INFO:Creating metrics dataframe
2021-08-11 00:09:52,239:INFO:Initializing Gradient Boosting Classifier
2021-08-11 00:09:52,239:INFO:Total runtime is 0.621316663424174 minutes
2021-08-11 00:09:52,379:INFO:SubProcess create_model() called ==================================
2021-08-11 00:09:52,379:INFO:Initializing create_model()
2021-08-11 00:09:52,380:INFO:create_model(estimator=gbc, fold=StratifiedKFold(n_splits=10, random_state=None, shuffle=False), round=4, cross_validation=True, predict=True, fit_kwargs={}, groups=None, refit=False, verbose=False, system=False, metrics=None, display=<pycaret.internal.Display.Display object at 0x000001AFB53D50A0>, kwargs={})
2021-08-11 00:09:52,380:INFO:Checking exceptions
2021-08-11 00:09:52,380:INFO:Importing libraries
2021-08-11 00:09:52,380:INFO:Copying training dataset
2021-08-11 00:09:52,381:INFO:Defining folds
2021-08-11 00:09:52,382:INFO:Declaring metric variables
2021-08-11 00:09:52,396:INFO:Importing untrained model
2021-08-11 00:09:52,471:INFO:Gradient Boosting Classifier Imported succesfully
2021-08-11 00:09:52,502:INFO:Starting cross validation
2021-08-11 00:09:52,503:INFO:Cross validating with StratifiedKFold(n_splits=10, random_state=None, shuffle=False), n_jobs=-1
2021-08-11 00:09:55,301:INFO:Calculating mean and std
2021-08-11 00:09:55,303:INFO:Creating metrics dataframe
2021-08-11 00:09:55,313:INFO:Uploading results into container
2021-08-11 00:09:55,314:INFO:Uploading model into container now
2021-08-11 00:09:55,314:INFO:create_model_container: 10
2021-08-11 00:09:55,314:INFO:master_model_container: 10
2021-08-11 00:09:55,314:INFO:display_container: 2
2021-08-11 00:09:55,315:INFO:GradientBoostingClassifier(ccp_alpha=0.0, criterion='friedman_mse', init=None,
                           learning_rate=0.1, loss='deviance', max_depth=3,
                           max_features=None, max_leaf_nodes=None,
                           min_impurity_decrease=0.0, min_impurity_split=None,
                           min_samples_leaf=1, min_samples_split=2,
                           min_weight_fraction_leaf=0.0, n_estimators=100,
                           n_iter_no_change=None, presort='deprecated',
                           random_state=123, subsample=1.0, tol=0.0001,
                           validation_fraction=0.1, verbose=0,
                           warm_start=False)
2021-08-11 00:09:55,315:INFO:create_model() succesfully completed......................................
2021-08-11 00:09:55,425:INFO:SubProcess create_model() end ==================================
2021-08-11 00:09:55,425:INFO:Creating metrics dataframe
2021-08-11 00:09:55,478:INFO:Initializing Linear Discriminant Analysis
2021-08-11 00:09:55,478:INFO:Total runtime is 0.6752999862035116 minutes
2021-08-11 00:09:55,508:INFO:SubProcess create_model() called ==================================
2021-08-11 00:09:55,508:INFO:Initializing create_model()
2021-08-11 00:09:55,508:INFO:create_model(estimator=lda, fold=StratifiedKFold(n_splits=10, random_state=None, shuffle=False), round=4, cross_validation=True, predict=True, fit_kwargs={}, groups=None, refit=False, verbose=False, system=False, metrics=None, display=<pycaret.internal.Display.Display object at 0x000001AFB53D50A0>, kwargs={})
2021-08-11 00:09:55,508:INFO:Checking exceptions
2021-08-11 00:09:55,509:INFO:Importing libraries
2021-08-11 00:09:55,509:INFO:Copying training dataset
2021-08-11 00:09:55,510:INFO:Defining folds
2021-08-11 00:09:55,510:INFO:Declaring metric variables
2021-08-11 00:09:55,560:INFO:Importing untrained model
2021-08-11 00:09:55,587:INFO:Linear Discriminant Analysis Imported succesfully
2021-08-11 00:09:55,630:INFO:Starting cross validation
2021-08-11 00:09:55,631:INFO:Cross validating with StratifiedKFold(n_splits=10, random_state=None, shuffle=False), n_jobs=-1
2021-08-11 00:09:55,966:INFO:Calculating mean and std
2021-08-11 00:09:55,968:INFO:Creating metrics dataframe
2021-08-11 00:09:55,977:INFO:Uploading results into container
2021-08-11 00:09:55,978:INFO:Uploading model into container now
2021-08-11 00:09:55,978:INFO:create_model_container: 11
2021-08-11 00:09:55,978:INFO:master_model_container: 11
2021-08-11 00:09:55,978:INFO:display_container: 2
2021-08-11 00:09:55,979:INFO:LinearDiscriminantAnalysis(n_components=None, priors=None, shrinkage=None,
                           solver='svd', store_covariance=False, tol=0.0001)
2021-08-11 00:09:55,979:INFO:create_model() succesfully completed......................................
2021-08-11 00:09:56,111:INFO:SubProcess create_model() end ==================================
2021-08-11 00:09:56,111:INFO:Creating metrics dataframe
2021-08-11 00:09:56,158:INFO:Initializing Extra Trees Classifier
2021-08-11 00:09:56,158:INFO:Total runtime is 0.686633304754893 minutes
2021-08-11 00:09:56,219:INFO:SubProcess create_model() called ==================================
2021-08-11 00:09:56,221:INFO:Initializing create_model()
2021-08-11 00:09:56,221:INFO:create_model(estimator=et, fold=StratifiedKFold(n_splits=10, random_state=None, shuffle=False), round=4, cross_validation=True, predict=True, fit_kwargs={}, groups=None, refit=False, verbose=False, system=False, metrics=None, display=<pycaret.internal.Display.Display object at 0x000001AFB53D50A0>, kwargs={})
2021-08-11 00:09:56,221:INFO:Checking exceptions
2021-08-11 00:09:56,222:INFO:Importing libraries
2021-08-11 00:09:56,222:INFO:Copying training dataset
2021-08-11 00:09:56,224:INFO:Defining folds
2021-08-11 00:09:56,224:INFO:Declaring metric variables
2021-08-11 00:09:56,242:INFO:Importing untrained model
2021-08-11 00:09:56,264:INFO:Extra Trees Classifier Imported succesfully
2021-08-11 00:09:56,308:INFO:Starting cross validation
2021-08-11 00:09:56,310:INFO:Cross validating with StratifiedKFold(n_splits=10, random_state=None, shuffle=False), n_jobs=-1
2021-08-11 00:10:00,208:INFO:Calculating mean and std
2021-08-11 00:10:00,210:INFO:Creating metrics dataframe
2021-08-11 00:10:00,221:INFO:Uploading results into container
2021-08-11 00:10:00,221:INFO:Uploading model into container now
2021-08-11 00:10:00,221:INFO:create_model_container: 12
2021-08-11 00:10:00,221:INFO:master_model_container: 12
2021-08-11 00:10:00,221:INFO:display_container: 2
2021-08-11 00:10:00,222:INFO:ExtraTreesClassifier(bootstrap=False, ccp_alpha=0.0, class_weight=None,
                     criterion='gini', max_depth=None, max_features='auto',
                     max_leaf_nodes=None, max_samples=None,
                     min_impurity_decrease=0.0, min_impurity_split=None,
                     min_samples_leaf=1, min_samples_split=2,
                     min_weight_fraction_leaf=0.0, n_estimators=100, n_jobs=-1,
                     oob_score=False, random_state=123, verbose=0,
                     warm_start=False)
2021-08-11 00:10:00,222:INFO:create_model() succesfully completed......................................
2021-08-11 00:10:00,344:INFO:SubProcess create_model() end ==================================
2021-08-11 00:10:00,345:INFO:Creating metrics dataframe
2021-08-11 00:10:00,406:INFO:Initializing Light Gradient Boosting Machine
2021-08-11 00:10:00,407:INFO:Total runtime is 0.757450008392334 minutes
2021-08-11 00:10:00,486:INFO:SubProcess create_model() called ==================================
2021-08-11 00:10:00,487:INFO:Initializing create_model()
2021-08-11 00:10:00,487:INFO:create_model(estimator=lightgbm, fold=StratifiedKFold(n_splits=10, random_state=None, shuffle=False), round=4, cross_validation=True, predict=True, fit_kwargs={}, groups=None, refit=False, verbose=False, system=False, metrics=None, display=<pycaret.internal.Display.Display object at 0x000001AFB53D50A0>, kwargs={})
2021-08-11 00:10:00,488:INFO:Checking exceptions
2021-08-11 00:10:00,488:INFO:Importing libraries
2021-08-11 00:10:00,488:INFO:Copying training dataset
2021-08-11 00:10:00,489:INFO:Defining folds
2021-08-11 00:10:00,490:INFO:Declaring metric variables
2021-08-11 00:10:00,503:INFO:Importing untrained model
2021-08-11 00:10:00,555:INFO:Light Gradient Boosting Machine Imported succesfully
2021-08-11 00:10:00,583:INFO:Starting cross validation
2021-08-11 00:10:00,584:INFO:Cross validating with StratifiedKFold(n_splits=10, random_state=None, shuffle=False), n_jobs=-1
2021-08-11 00:10:01,439:INFO:Calculating mean and std
2021-08-11 00:10:01,441:INFO:Creating metrics dataframe
2021-08-11 00:10:01,448:INFO:Uploading results into container
2021-08-11 00:10:01,449:INFO:Uploading model into container now
2021-08-11 00:10:01,450:INFO:create_model_container: 13
2021-08-11 00:10:01,450:INFO:master_model_container: 13
2021-08-11 00:10:01,450:INFO:display_container: 2
2021-08-11 00:10:01,451:INFO:LGBMClassifier(boosting_type='gbdt', class_weight=None, colsample_bytree=1.0,
               importance_type='split', learning_rate=0.1, max_depth=-1,
               min_child_samples=20, min_child_weight=0.001, min_split_gain=0.0,
               n_estimators=100, n_jobs=-1, num_leaves=31, objective=None,
               random_state=123, reg_alpha=0.0, reg_lambda=0.0, silent=True,
               subsample=1.0, subsample_for_bin=200000, subsample_freq=0)
2021-08-11 00:10:01,451:INFO:create_model() succesfully completed......................................
2021-08-11 00:10:01,568:INFO:SubProcess create_model() end ==================================
2021-08-11 00:10:01,568:INFO:Creating metrics dataframe
2021-08-11 00:10:01,692:INFO:Initializing create_model()
2021-08-11 00:10:01,692:INFO:create_model(estimator=RidgeClassifier(alpha=1.0, class_weight=None, copy_X=True, fit_intercept=True,
                max_iter=None, normalize=False, random_state=123, solver='auto',
                tol=0.001), fold=StratifiedKFold(n_splits=10, random_state=None, shuffle=False), round=4, cross_validation=False, predict=False, fit_kwargs={}, groups=None, refit=True, verbose=False, system=False, metrics=None, display=None, kwargs={})
2021-08-11 00:10:01,692:INFO:Checking exceptions
2021-08-11 00:10:01,693:INFO:Importing libraries
2021-08-11 00:10:01,693:INFO:Copying training dataset
2021-08-11 00:10:01,694:INFO:Defining folds
2021-08-11 00:10:01,694:INFO:Declaring metric variables
2021-08-11 00:10:01,695:INFO:Importing untrained model
2021-08-11 00:10:01,695:INFO:Declaring custom model
2021-08-11 00:10:01,695:INFO:Ridge Classifier Imported succesfully
2021-08-11 00:10:01,696:INFO:Cross validation set to False
2021-08-11 00:10:01,696:INFO:Fitting Model
2021-08-11 00:10:01,731:INFO:RidgeClassifier(alpha=1.0, class_weight=None, copy_X=True, fit_intercept=True,
                max_iter=None, normalize=False, random_state=123, solver='auto',
                tol=0.001)
2021-08-11 00:10:01,732:INFO:create_models() succesfully completed......................................
2021-08-11 00:10:02,054:INFO:create_model_container: 13
2021-08-11 00:10:02,054:INFO:master_model_container: 13
2021-08-11 00:10:02,054:INFO:display_container: 2
2021-08-11 00:10:02,054:INFO:RidgeClassifier(alpha=1.0, class_weight=None, copy_X=True, fit_intercept=True,
                max_iter=None, normalize=False, random_state=123, solver='auto',
                tol=0.001)
2021-08-11 00:10:02,055:INFO:compare_models() succesfully completed......................................
